build/app/intermediates/manifest_merge_blame_file/release/manifest-merger-blame-release-report.txt
1<?xml version="1.0" encoding="utf-8"?>
2<manifest xmlns:android="http://schemas.android.com/apk/res/android"
3    package="com.SQ.Entregas"
4    android:versionCode="21"
5    android:versionName="0.0.21" >
6
7    <uses-sdk
8        android:minSdkVersion="21"
8-->src\main\AndroidManifest.xml
9        android:targetSdkVersion="33" />
9-->src\main\AndroidManifest.xml
10
11    <queries>
11-->src\main\AndroidManifest.xml:111:5-129:15
12
13        <!-- If your app opens https URLs -->
14        <package android:name="com.facebook.katana" />
14-->src\main\AndroidManifest.xml:113:11-57
14-->src\main\AndroidManifest.xml:113:20-54
15
16        <intent>
16-->src\main\AndroidManifest.xml:114:9-117:18
17            <action android:name="android.intent.action.VIEW" />
17-->src\main\AndroidManifest.xml:59:17-69
17-->src\main\AndroidManifest.xml:59:25-66
18
19            <data android:scheme="https" />
19-->src\main\AndroidManifest.xml:60:17-46
19-->src\main\AndroidManifest.xml:60:23-43
20        </intent>
21        <!-- If your app makes calls -->
22        <intent>
22-->src\main\AndroidManifest.xml:119:9-122:18
23            <action android:name="android.intent.action.DIAL" />
23-->src\main\AndroidManifest.xml:120:13-65
23-->src\main\AndroidManifest.xml:120:21-62
24
25            <data android:scheme="tel" />
25-->src\main\AndroidManifest.xml:60:17-46
25-->src\main\AndroidManifest.xml:60:23-43
26        </intent>
27        <!-- If your app emails -->
28        <intent>
28-->src\main\AndroidManifest.xml:124:9-127:18
29            <action android:name="android.intent.action.SEND" />
29-->src\main\AndroidManifest.xml:66:17-69
29-->src\main\AndroidManifest.xml:66:25-66
30
31            <data android:mimeType="*/*" />
31-->src\main\AndroidManifest.xml:60:17-46
31-->src\main\AndroidManifest.xml:70:23-48
32        </intent>
33
34        <!-- Needs to be explicitly declared on Android R+ -->
35        <package android:name="com.google.android.apps.maps" />
35-->[com.google.android.gms:play-services-maps:18.1.0] AndroidManifest.xml:33:9-64
35-->[com.google.android.gms:play-services-maps:18.1.0] AndroidManifest.xml:33:18-61
36    </queries>
37
38    <uses-permission android:name="android.permission.VIBRATE" />
38-->src\main\AndroidManifest.xml:131:5-66
38-->src\main\AndroidManifest.xml:131:22-63
39    <uses-permission android:name="android.permission.INTERNET" />
39-->src\main\AndroidManifest.xml:132:5-67
39-->src\main\AndroidManifest.xml:132:22-64
40    <uses-permission android:name="android.permission.ACCESS_FINE_LOCATION" />
40-->src\main\AndroidManifest.xml:133:5-79
40-->src\main\AndroidManifest.xml:133:22-76
41    <uses-permission android:name="android.permission.ACCESS_COARSE_LOCATION" />
41-->src\main\AndroidManifest.xml:134:5-81
41-->src\main\AndroidManifest.xml:134:22-78
42    <!-- SOLO SI SE SOLICITA UBICACION EN BACKGROUND -->
43    <!-- <uses-permission android:name="android.permission.ACCESS_BACKGROUND_LOCATION" />// -->
44    <!-- /////////////////////////////////////////// -->
45    <uses-permission android:name="android.permission.READ_PHONE_STATE" />
45-->src\main\AndroidManifest.xml:138:5-75
45-->src\main\AndroidManifest.xml:138:22-72
46    <uses-permission android:name="android.permission.RECORD_AUDIO" />
46-->src\main\AndroidManifest.xml:139:5-71
46-->src\main\AndroidManifest.xml:139:22-68
47    <uses-permission android:name="android.permission.WRITE_EXTERNAL_STORAGE" />
47-->src\main\AndroidManifest.xml:140:5-81
47-->src\main\AndroidManifest.xml:140:22-78
48    <uses-permission android:name="android.permission.WAKE_LOCK" />
48-->src\main\AndroidManifest.xml:141:5-68
48-->src\main\AndroidManifest.xml:141:22-65
49    <uses-permission android:name="android.permission.FOREGROUND_SERVICE" />
49-->src\main\AndroidManifest.xml:142:5-77
49-->src\main\AndroidManifest.xml:142:22-74
50    <uses-permission android:name="android.permission.RECEIVE_BOOT_COMPLETED" />
50-->src\main\AndroidManifest.xml:143:5-81
50-->src\main\AndroidManifest.xml:143:22-78
51    <uses-permission android:name="android.permission.ACCESS_NETWORK_STATE" /> <!-- Permissions options for the `notification` group -->
51-->[:firebase_messaging] AndroidManifest.xml:11:5-79
51-->[:firebase_messaging] AndroidManifest.xml:11:22-76
52    <uses-permission android:name="android.permission.POST_NOTIFICATIONS" />
52-->[:firebase_messaging] AndroidManifest.xml:13:5-77
52-->[:firebase_messaging] AndroidManifest.xml:13:22-74
53    <uses-permission android:name="android.permission.USE_FULL_SCREEN_INTENT" />
53-->[:flutter_local_notifications] AndroidManifest.xml:11:5-81
53-->[:flutter_local_notifications] AndroidManifest.xml:11:22-78
54    <uses-permission android:name="android.permission.SCHEDULE_EXACT_ALARM" /> <!-- Required by older versions of Google Play services to create IID tokens -->
54-->[:flutter_local_notifications] AndroidManifest.xml:12:5-79
54-->[:flutter_local_notifications] AndroidManifest.xml:12:22-76
55    <uses-permission android:name="com.google.android.c2dm.permission.RECEIVE" />
55-->[com.google.firebase:firebase-messaging:23.1.2] AndroidManifest.xml:28:5-82
55-->[com.google.firebase:firebase-messaging:23.1.2] AndroidManifest.xml:28:22-79
56    <uses-permission android:name="com.google.android.gms.permission.AD_ID" />
56-->[com.google.android.gms:play-services-measurement-api:21.2.2] AndroidManifest.xml:25:5-79
56-->[com.google.android.gms:play-services-measurement-api:21.2.2] AndroidManifest.xml:25:22-76
57
58    <uses-feature
58-->[com.google.android.gms:play-services-maps:18.1.0] AndroidManifest.xml:26:5-28:35
59        android:glEsVersion="0x00020000"
59-->[com.google.android.gms:play-services-maps:18.1.0] AndroidManifest.xml:27:9-41
60        android:required="true" />
60-->[com.google.android.gms:play-services-maps:18.1.0] AndroidManifest.xml:28:9-32
61
62    <uses-permission android:name="android.permission.BLUETOOTH" />
62-->[com.github.canardoux:flutter_sound_core:8.5.0] AndroidManifest.xml:11:5-68
62-->[com.github.canardoux:flutter_sound_core:8.5.0] AndroidManifest.xml:11:22-65
63    <uses-permission android:name="android.permission.MODIFY_AUDIO_SETTINGS" />
63-->[com.github.canardoux:flutter_sound_core:8.5.0] AndroidManifest.xml:13:5-80
63-->[com.github.canardoux:flutter_sound_core:8.5.0] AndroidManifest.xml:13:22-77
64    <uses-permission android:name="com.google.android.finsky.permission.BIND_GET_INSTALL_REFERRER_SERVICE" />
64-->[com.google.android.gms:play-services-measurement:21.2.2] AndroidManifest.xml:26:5-110
64-->[com.google.android.gms:play-services-measurement:21.2.2] AndroidManifest.xml:26:22-107
65
66    <permission
66-->[androidx.core:core:1.10.1] AndroidManifest.xml:22:5-24:47
67        android:name="com.SQ.Entregas.DYNAMIC_RECEIVER_NOT_EXPORTED_PERMISSION"
67-->[androidx.core:core:1.10.1] AndroidManifest.xml:23:9-81
68        android:protectionLevel="signature" />
68-->[androidx.core:core:1.10.1] AndroidManifest.xml:24:9-44
69
70    <uses-permission android:name="com.SQ.Entregas.DYNAMIC_RECEIVER_NOT_EXPORTED_PERMISSION" />
70-->[androidx.core:core:1.10.1] AndroidManifest.xml:26:5-97
70-->[androidx.core:core:1.10.1] AndroidManifest.xml:26:22-94
71    <!--
72 io.flutter.app.FlutterApplication is an android.app.Application that
73         calls FlutterMain.startInitialization(this); in its onCreate method.
74         In most cases you can leave this as-is, but you if you want to provide
75         additional functionality it is fine to subclass or reimplement
76         FlutterApplication and put your custom class here.
77    -->
78    <!-- android:name=".Application" -->
79    <application
79-->src\main\AndroidManifest.xml:12:5-109:19
80        android:name="com.SQ.Entregas.Application"
80-->src\main\AndroidManifest.xml:13:9-36
81        android:appComponentFactory="androidx.core.app.CoreComponentFactory"
81-->[androidx.core:core:1.10.1] AndroidManifest.xml:28:18-86
82        android:icon="@mipmap/launcher_icon"
82-->src\main\AndroidManifest.xml:14:9-45
83        android:label="SQ Entregas"
83-->src\main\AndroidManifest.xml:15:9-36
84        android:supportsRtl="true" >
84-->[com.facebook.android:facebook-android-sdk:4.42.0] AndroidManifest.xml:28:18-44
85        <meta-data
85-->src\main\AndroidManifest.xml:18:9-20:33
86            android:name="flutterEmbedding"
86-->src\main\AndroidManifest.xml:19:13-44
87            android:value="2" />
87-->src\main\AndroidManifest.xml:20:13-30
88        <meta-data
88-->src\main\AndroidManifest.xml:22:13-24:46
89            android:name="com.google.firebase.messaging.default_notification_icon"
89-->src\main\AndroidManifest.xml:23:10-80
90            android:resource="@drawable/hola" />
90-->src\main\AndroidManifest.xml:24:10-43
91        <meta-data
91-->src\main\AndroidManifest.xml:25:13-27:51
92            android:name="com.google.firebase.messaging.default_notification_color"
92-->src\main\AndroidManifest.xml:26:10-81
93            android:resource="@color/colorPrimary" />
93-->src\main\AndroidManifest.xml:27:10-48
94
95        <activity
95-->src\main\AndroidManifest.xml:30:9-73:20
96            android:name="com.SQ.Entregas.MainActivity"
96-->src\main\AndroidManifest.xml:31:13-41
97            android:configChanges="orientation|keyboardHidden|keyboard|screenSize|locale|layoutDirection|fontScale|screenLayout|density|uiMode"
97-->src\main\AndroidManifest.xml:33:13-144
98            android:exported="true"
98-->src\main\AndroidManifest.xml:32:13-36
99            android:hardwareAccelerated="true"
99-->src\main\AndroidManifest.xml:34:13-47
100            android:launchMode="singleTop"
100-->src\main\AndroidManifest.xml:35:13-43
101            android:theme="@style/LaunchTheme"
101-->src\main\AndroidManifest.xml:36:13-47
102            android:turnScreenOn="true"
102-->src\main\AndroidManifest.xml:37:13-40
103            android:windowSoftInputMode="adjustResize" >
103-->src\main\AndroidManifest.xml:38:13-55
104            <meta-data
104-->src\main\AndroidManifest.xml:40:13-42:66
105                android:name="io.flutter.embedding.android.SplashScreenDrawable"
105-->src\main\AndroidManifest.xml:41:17-81
106                android:resource="@drawable/launch_background" />
106-->src\main\AndroidManifest.xml:42:17-63
107
108            <!-- Theme to apply as soon as Flutter begins rendering frames -->
109            <meta-data
109-->src\main\AndroidManifest.xml:45:13-47:57
110                android:name="io.flutter.embedding.android.NormalTheme"
110-->src\main\AndroidManifest.xml:46:17-72
111                android:resource="@style/LaunchTheme" />
111-->src\main\AndroidManifest.xml:47:17-54
112
113            <intent-filter>
113-->src\main\AndroidManifest.xml:49:13-52:29
114                <action android:name="android.intent.action.MAIN" />
114-->src\main\AndroidManifest.xml:50:17-69
114-->src\main\AndroidManifest.xml:50:25-66
115
116                <category android:name="android.intent.category.LAUNCHER" />
116-->src\main\AndroidManifest.xml:51:17-77
116-->src\main\AndroidManifest.xml:51:27-74
117            </intent-filter>
118            <intent-filter>
118-->src\main\AndroidManifest.xml:53:13-56:29
119                <action android:name="FLUTTER_NOTIFICATION_CLICK" />
119-->src\main\AndroidManifest.xml:54:17-69
119-->src\main\AndroidManifest.xml:54:25-66
120
121                <category android:name="android.intent.category.DEFAULT" />
121-->src\main\AndroidManifest.xml:55:17-76
121-->src\main\AndroidManifest.xml:55:27-73
122            </intent-filter>
123            <intent-filter>
123-->src\main\AndroidManifest.xml:58:13-62:29
124                <action android:name="android.intent.action.VIEW" />
124-->src\main\AndroidManifest.xml:59:17-69
124-->src\main\AndroidManifest.xml:59:25-66
125
126                <data android:scheme="geo" />
126-->src\main\AndroidManifest.xml:60:17-46
126-->src\main\AndroidManifest.xml:60:23-43
127
128                <category android:name="android.intent.category.DEFAULT" />
128-->src\main\AndroidManifest.xml:55:17-76
128-->src\main\AndroidManifest.xml:55:27-73
129            </intent-filter>
130
131            <!-- TODO: Add this filter, if you want to support sharing any type of files -->
132            <intent-filter>
132-->src\main\AndroidManifest.xml:65:13-71:29
133                <action android:name="android.intent.action.SEND" />
133-->src\main\AndroidManifest.xml:66:17-69
133-->src\main\AndroidManifest.xml:66:25-66
134
135                <category android:name="android.intent.category.DEFAULT" />
135-->src\main\AndroidManifest.xml:55:17-76
135-->src\main\AndroidManifest.xml:55:27-73
136
137                <data android:pathPrefix="*https://*" />
137-->src\main\AndroidManifest.xml:60:17-46
137-->src\main\AndroidManifest.xml:69:23-54
138                <data android:mimeType="text/*" />
138-->src\main\AndroidManifest.xml:60:17-46
138-->src\main\AndroidManifest.xml:70:23-48
139            </intent-filter>
140        </activity>
141
142        <meta-data
142-->src\main\AndroidManifest.xml:75:9-77:71
143            android:name="com.google.android.geo.API_KEY"
143-->src\main\AndroidManifest.xml:76:13-58
144            android:value="AIzaSyAGJ2a31is5BB4ydWjbY3CpIzYdkfrXLHc" />
144-->src\main\AndroidManifest.xml:77:13-68
145
146        <!-- FACEBOOK CONFIGURATIONS -->
147        <meta-data
147-->src\main\AndroidManifest.xml:80:9-107
148            android:name="com.facebook.sdk.ApplicationId"
148-->src\main\AndroidManifest.xml:80:20-65
149            android:value="@string/facebook_app_id" />
149-->src\main\AndroidManifest.xml:80:66-105
150        <meta-data
150-->src\main\AndroidManifest.xml:81:9-111
151            android:name="com.facebook.sdk.ClientToken"
151-->src\main\AndroidManifest.xml:81:20-63
152            android:value="@string/facebook_client_token" />
152-->src\main\AndroidManifest.xml:81:64-109
153
154        <activity
154-->src\main\AndroidManifest.xml:83:9-86:48
155            android:name="com.facebook.FacebookActivity"
155-->src\main\AndroidManifest.xml:83:19-63
156            android:configChanges="keyboard|keyboardHidden|screenLayout|screenSize|orientation"
156-->src\main\AndroidManifest.xml:84:13-113
157            android:label="@string/app_name"
157-->src\main\AndroidManifest.xml:86:13-45
158            android:theme="@style/com_facebook_activity_theme" />
158-->[com.facebook.android:facebook-common:16.0.1] AndroidManifest.xml:25:13-63
159        <activity
159-->src\main\AndroidManifest.xml:87:9-96:20
160            android:name="com.facebook.CustomTabActivity"
160-->src\main\AndroidManifest.xml:88:13-58
161            android:exported="true" >
161-->src\main\AndroidManifest.xml:89:13-36
162            <intent-filter>
162-->src\main\AndroidManifest.xml:90:13-95:29
163                <action android:name="android.intent.action.VIEW" />
163-->src\main\AndroidManifest.xml:59:17-69
163-->src\main\AndroidManifest.xml:59:25-66
164
165                <category android:name="android.intent.category.DEFAULT" />
165-->src\main\AndroidManifest.xml:55:17-76
165-->src\main\AndroidManifest.xml:55:27-73
166                <category android:name="android.intent.category.BROWSABLE" />
166-->src\main\AndroidManifest.xml:93:17-78
166-->src\main\AndroidManifest.xml:93:27-75
167
168                <data android:scheme="@string/fb_login_protocol_scheme" />
168-->src\main\AndroidManifest.xml:60:17-46
168-->src\main\AndroidManifest.xml:60:23-43
169            </intent-filter>
170            <intent-filter>
170-->[com.facebook.android:facebook-common:16.0.1] AndroidManifest.xml:31:13-40:29
171                <action android:name="android.intent.action.VIEW" />
171-->src\main\AndroidManifest.xml:59:17-69
171-->src\main\AndroidManifest.xml:59:25-66
172
173                <category android:name="android.intent.category.DEFAULT" />
173-->src\main\AndroidManifest.xml:55:17-76
173-->src\main\AndroidManifest.xml:55:27-73
174                <category android:name="android.intent.category.BROWSABLE" />
174-->src\main\AndroidManifest.xml:93:17-78
174-->src\main\AndroidManifest.xml:93:27-75
175
176                <data
176-->src\main\AndroidManifest.xml:60:17-46
177                    android:host="cct.com.SQ.Entregas"
178                    android:scheme="fbconnect" />
178-->src\main\AndroidManifest.xml:60:23-43
179            </intent-filter>
180        </activity>
181        <!-- FACEBOOK CONFIGURATION ENDS HERE -->
182
183        <receiver
183-->src\main\AndroidManifest.xml:100:9-104:20
184            android:name="com.dexterous.flutterlocalnotifications.ScheduledNotificationBootReceiver"
184-->src\main\AndroidManifest.xml:100:19-107
185            android:exported="false" >
185-->[:flutter_local_notifications] AndroidManifest.xml:24:13-37
186            <intent-filter>
186-->src\main\AndroidManifest.xml:101:13-103:29
187                <action android:name="android.intent.action.BOOT_COMPLETED" />
187-->src\main\AndroidManifest.xml:102:17-86
187-->src\main\AndroidManifest.xml:102:25-76
188            </intent-filter>
189            <intent-filter>
189-->[:flutter_local_notifications] AndroidManifest.xml:25:13-30:29
190                <action android:name="android.intent.action.BOOT_COMPLETED" />
190-->src\main\AndroidManifest.xml:102:17-86
190-->src\main\AndroidManifest.xml:102:25-76
191                <action android:name="android.intent.action.MY_PACKAGE_REPLACED" />
191-->[:flutter_local_notifications] AndroidManifest.xml:27:17-84
191-->[:flutter_local_notifications] AndroidManifest.xml:27:25-81
192                <action android:name="android.intent.action.QUICKBOOT_POWERON" />
192-->[:flutter_local_notifications] AndroidManifest.xml:28:17-82
192-->[:flutter_local_notifications] AndroidManifest.xml:28:25-79
193                <action android:name="com.htc.intent.action.QUICKBOOT_POWERON" />
193-->[:flutter_local_notifications] AndroidManifest.xml:29:17-82
193-->[:flutter_local_notifications] AndroidManifest.xml:29:25-79
194            </intent-filter>
195        </receiver>
196        <receiver
196-->src\main\AndroidManifest.xml:106:9-106
197            android:name="com.dexterous.flutterlocalnotifications.ScheduledNotificationReceiver"
197-->src\main\AndroidManifest.xml:106:19-103
198            android:exported="false" />
198-->[:flutter_local_notifications] AndroidManifest.xml:21:13-37
199
200        <service
200-->[:firebase_messaging] AndroidManifest.xml:16:9-19:72
201            android:name="io.flutter.plugins.firebase.messaging.FlutterFirebaseMessagingBackgroundService"
201-->[:firebase_messaging] AndroidManifest.xml:17:13-107
202            android:exported="false"
202-->[:firebase_messaging] AndroidManifest.xml:18:13-37
203            android:permission="android.permission.BIND_JOB_SERVICE" />
203-->[:firebase_messaging] AndroidManifest.xml:19:13-69
204        <service
204-->[:firebase_messaging] AndroidManifest.xml:20:9-26:19
205            android:name="io.flutter.plugins.firebase.messaging.FlutterFirebaseMessagingService"
205-->[:firebase_messaging] AndroidManifest.xml:21:13-97
206            android:exported="false" >
206-->[:firebase_messaging] AndroidManifest.xml:22:13-37
207            <intent-filter>
207-->[:firebase_messaging] AndroidManifest.xml:23:13-25:29
208                <action android:name="com.google.firebase.MESSAGING_EVENT" />
208-->[:firebase_messaging] AndroidManifest.xml:24:17-78
208-->[:firebase_messaging] AndroidManifest.xml:24:25-75
209            </intent-filter>
210        </service>
211
212        <receiver
212-->[:firebase_messaging] AndroidManifest.xml:28:9-35:20
213            android:name="io.flutter.plugins.firebase.messaging.FlutterFirebaseMessagingReceiver"
213-->[:firebase_messaging] AndroidManifest.xml:29:13-98
214            android:exported="true"
214-->[:firebase_messaging] AndroidManifest.xml:30:13-36
215            android:permission="com.google.android.c2dm.permission.SEND" >
215-->[:firebase_messaging] AndroidManifest.xml:31:13-73
216            <intent-filter>
216-->[:firebase_messaging] AndroidManifest.xml:32:13-34:29
217                <action android:name="com.google.android.c2dm.intent.RECEIVE" />
217-->[:firebase_messaging] AndroidManifest.xml:33:17-81
217-->[:firebase_messaging] AndroidManifest.xml:33:25-78
218            </intent-filter>
219        </receiver>
220
221        <service
221-->[:firebase_messaging] AndroidManifest.xml:37:9-41:19
222            android:name="com.google.firebase.components.ComponentDiscoveryService"
222-->[:firebase_messaging] AndroidManifest.xml:37:18-89
223            android:directBootAware="true"
223-->[com.google.firebase:firebase-common:20.3.2] AndroidManifest.xml:34:13-43
224            android:exported="false" >
224-->[com.google.firebase:firebase-messaging:23.1.2] AndroidManifest.xml:54:13-37
225            <meta-data
225-->[:firebase_messaging] AndroidManifest.xml:38:13-40:85
226                android:name="com.google.firebase.components:io.flutter.plugins.firebase.messaging.FlutterFirebaseAppRegistrar"
226-->[:firebase_messaging] AndroidManifest.xml:39:17-128
227                android:value="com.google.firebase.components.ComponentRegistrar" />
227-->[:firebase_messaging] AndroidManifest.xml:40:17-82
228            <meta-data
228-->[:firebase_dynamic_links] AndroidManifest.xml:13:13-15:85
229                android:name="com.google.firebase.components:io.flutter.plugins.firebase.dynamiclinks.FlutterFirebaseAppRegistrar"
229-->[:firebase_dynamic_links] AndroidManifest.xml:14:17-131
230                android:value="com.google.firebase.components.ComponentRegistrar" />
230-->[:firebase_dynamic_links] AndroidManifest.xml:15:17-82
231            <meta-data
231-->[:firebase_auth] AndroidManifest.xml:11:13-13:85
232                android:name="com.google.firebase.components:io.flutter.plugins.firebase.auth.FlutterFirebaseAuthRegistrar"
232-->[:firebase_auth] AndroidManifest.xml:12:17-124
233                android:value="com.google.firebase.components.ComponentRegistrar" />
233-->[:firebase_auth] AndroidManifest.xml:13:17-82
234            <meta-data
234-->[:firebase_storage] AndroidManifest.xml:11:13-13:85
235                android:name="com.google.firebase.components:io.flutter.plugins.firebase.storage.FlutterFirebaseAppRegistrar"
235-->[:firebase_storage] AndroidManifest.xml:12:17-126
236                android:value="com.google.firebase.components.ComponentRegistrar" />
236-->[:firebase_storage] AndroidManifest.xml:13:17-82
237            <meta-data
237-->[:firebase_core] AndroidManifest.xml:11:13-13:85
238                android:name="com.google.firebase.components:io.flutter.plugins.firebase.core.FlutterFirebaseCoreRegistrar"
238-->[:firebase_core] AndroidManifest.xml:12:17-124
239                android:value="com.google.firebase.components.ComponentRegistrar" />
239-->[:firebase_core] AndroidManifest.xml:13:17-82
240            <meta-data
240-->[com.google.firebase:firebase-messaging:23.1.2] AndroidManifest.xml:55:13-57:85
241                android:name="com.google.firebase.components:com.google.firebase.messaging.FirebaseMessagingRegistrar"
241-->[com.google.firebase:firebase-messaging:23.1.2] AndroidManifest.xml:56:17-119
242                android:value="com.google.firebase.components.ComponentRegistrar" />
242-->[com.google.firebase:firebase-messaging:23.1.2] AndroidManifest.xml:57:17-82
243            <meta-data
243-->[com.google.firebase:firebase-iid:21.1.0] AndroidManifest.xml:32:13-34:85
244                android:name="com.google.firebase.components:com.google.firebase.iid.Registrar"
244-->[com.google.firebase:firebase-iid:21.1.0] AndroidManifest.xml:33:17-96
245                android:value="com.google.firebase.components.ComponentRegistrar" />
245-->[com.google.firebase:firebase-iid:21.1.0] AndroidManifest.xml:34:17-82
246            <meta-data
246-->[com.google.firebase:firebase-auth:21.3.0] AndroidManifest.xml:69:13-71:85
247                android:name="com.google.firebase.components:com.google.firebase.auth.FirebaseAuthRegistrar"
247-->[com.google.firebase:firebase-auth:21.3.0] AndroidManifest.xml:70:17-109
248                android:value="com.google.firebase.components.ComponentRegistrar" />
248-->[com.google.firebase:firebase-auth:21.3.0] AndroidManifest.xml:71:17-82
249            <meta-data
249-->[com.google.firebase:firebase-dynamic-links:21.1.0] AndroidManifest.xml:26:13-28:85
250                android:name="com.google.firebase.components:com.google.firebase.dynamiclinks.internal.FirebaseDynamicLinkRegistrar"
250-->[com.google.firebase:firebase-dynamic-links:21.1.0] AndroidManifest.xml:27:17-133
251                android:value="com.google.firebase.components.ComponentRegistrar" />
251-->[com.google.firebase:firebase-dynamic-links:21.1.0] AndroidManifest.xml:28:17-82
252            <meta-data
252-->[com.google.firebase:firebase-storage:20.1.0] AndroidManifest.xml:32:13-34:85
253                android:name="com.google.firebase.components:com.google.firebase.storage.StorageRegistrar"
253-->[com.google.firebase:firebase-storage:20.1.0] AndroidManifest.xml:33:17-107
254                android:value="com.google.firebase.components.ComponentRegistrar" />
254-->[com.google.firebase:firebase-storage:20.1.0] AndroidManifest.xml:34:17-82
255            <meta-data
255-->[com.google.android.gms:play-services-measurement-api:21.2.2] AndroidManifest.xml:31:13-33:85
256                android:name="com.google.firebase.components:com.google.firebase.analytics.connector.internal.AnalyticsConnectorRegistrar"
256-->[com.google.android.gms:play-services-measurement-api:21.2.2] AndroidManifest.xml:32:17-139
257                android:value="com.google.firebase.components.ComponentRegistrar" />
257-->[com.google.android.gms:play-services-measurement-api:21.2.2] AndroidManifest.xml:33:17-82
258            <meta-data
258-->[com.google.firebase:firebase-installations:17.1.3] AndroidManifest.xml:17:13-19:85
259                android:name="com.google.firebase.components:com.google.firebase.installations.FirebaseInstallationsRegistrar"
259-->[com.google.firebase:firebase-installations:17.1.3] AndroidManifest.xml:18:17-127
260                android:value="com.google.firebase.components.ComponentRegistrar" />
260-->[com.google.firebase:firebase-installations:17.1.3] AndroidManifest.xml:19:17-82
261            <meta-data
261-->[com.google.firebase:firebase-datatransport:18.1.7] AndroidManifest.xml:27:13-29:85
262                android:name="com.google.firebase.components:com.google.firebase.datatransport.TransportRegistrar"
262-->[com.google.firebase:firebase-datatransport:18.1.7] AndroidManifest.xml:28:17-115
263                android:value="com.google.firebase.components.ComponentRegistrar" />
263-->[com.google.firebase:firebase-datatransport:18.1.7] AndroidManifest.xml:29:17-82
264        </service>
265
266        <provider
266-->[:firebase_messaging] AndroidManifest.xml:43:9-47:38
267            android:name="io.flutter.plugins.firebase.messaging.FlutterFirebaseMessagingInitProvider"
267-->[:firebase_messaging] AndroidManifest.xml:44:13-102
268            android:authorities="com.SQ.Entregas.flutterfirebasemessaginginitprovider"
268-->[:firebase_messaging] AndroidManifest.xml:45:13-88
269            android:exported="false"
269-->[:firebase_messaging] AndroidManifest.xml:46:13-37
270            android:initOrder="99" />
270-->[:firebase_messaging] AndroidManifest.xml:47:13-35
271
272        <receiver
272-->[:flutter_local_notifications] AndroidManifest.xml:16:9-18:40
273            android:name="com.dexterous.flutterlocalnotifications.ActionBroadcastReceiver"
273-->[:flutter_local_notifications] AndroidManifest.xml:17:13-91
274            android:exported="false" />
274-->[:flutter_local_notifications] AndroidManifest.xml:18:13-37
275
276        <provider
276-->[:share] AndroidManifest.xml:10:9-18:20
277            android:name="io.flutter.plugins.share.ShareFileProvider"
277-->[:share] AndroidManifest.xml:11:13-70
278            android:authorities="com.SQ.Entregas.flutter.share_provider"
278-->[:share] AndroidManifest.xml:12:13-74
279            android:exported="false"
279-->[:share] AndroidManifest.xml:13:13-37
280            android:grantUriPermissions="true" >
280-->[:share] AndroidManifest.xml:14:13-47
281            <meta-data
281-->[:share] AndroidManifest.xml:15:13-17:68
282                android:name="android.support.FILE_PROVIDER_PATHS"
282-->[:share] AndroidManifest.xml:16:17-67
283                android:resource="@xml/flutter_share_file_paths" />
283-->[:share] AndroidManifest.xml:17:17-65
284        </provider>
285        <provider
285-->[:image_picker_android] AndroidManifest.xml:10:9-18:20
286            android:name="io.flutter.plugins.imagepicker.ImagePickerFileProvider"
286-->[:image_picker_android] AndroidManifest.xml:11:13-82
287            android:authorities="com.SQ.Entregas.flutter.image_provider"
287-->[:image_picker_android] AndroidManifest.xml:12:13-74
288            android:exported="false"
288-->[:image_picker_android] AndroidManifest.xml:13:13-37
289            android:grantUriPermissions="true" >
289-->[:image_picker_android] AndroidManifest.xml:14:13-47
290            <meta-data
290-->[:share] AndroidManifest.xml:15:13-17:68
291                android:name="android.support.FILE_PROVIDER_PATHS"
291-->[:share] AndroidManifest.xml:16:17-67
292                android:resource="@xml/flutter_image_picker_file_paths" />
292-->[:share] AndroidManifest.xml:17:17-65
293        </provider>
294
295        <activity
295-->[:url_launcher_android] AndroidManifest.xml:10:9-13:74
296            android:name="io.flutter.plugins.urllauncher.WebViewActivity"
296-->[:url_launcher_android] AndroidManifest.xml:11:13-74
297            android:exported="false"
297-->[:url_launcher_android] AndroidManifest.xml:12:13-37
298            android:theme="@android:style/Theme.NoTitleBar.Fullscreen" />
298-->[:url_launcher_android] AndroidManifest.xml:13:13-71
299
300        <service
300-->[:location] AndroidManifest.xml:13:9-17:56